<?xml version="1.0" encoding="UTF-8" ?>
<testsuite failures="2" time="8.384" errors="0" skipped="0" tests="21" name="client.IntegrationTest">
  <properties>
[...]
</properties>
  <testcase time="4.315" classname="client.IntegrationTest" name="shouldHaveOriginField"/>
  <testcase time="0.532" classname="client.IntegrationTest" name="shouldFollow"/>
  <testcase time="0.166" classname="client.IntegrationTest" name="shouldAddAndRetrieveActivity"/>
  <testcase time="0.001" classname="client.IntegrationTest" name="shouldGetFollowers"/>
  <testcase time="0.63" classname="client.IntegrationTest" name="shouldUnfollow"/>
  <testcase time="0.128" classname="client.IntegrationTest" name="shouldGetActivitiesFromNotificationFeed"/>
  <testcase time="0.252" classname="client.IntegrationTest" name="shouldAddAndRetrieveActivityToRecipients"/>
  <testcase time="0.117" classname="client.IntegrationTest" name="shouldGetActivitiesFromEmptyAggregatedFeed"/>
  <testcase time="0.139" classname="client.IntegrationTest" name="shouldReturnActivityIdAfterInsert"/>
  <testcase time="0.105" classname="client.IntegrationTest" name="shouldGetActivitiesWithFilter"/>
  <testcase time="0.337" classname="client.IntegrationTest" name="shouldRemoveActivity"/>
  <testcase time="0.428" classname="client.IntegrationTest" name="shouldGetActivitiesWithIdFilter"/>
  <testcase time="0.174" classname="client.IntegrationTest" name="shouldGetActivitiesFromAggregatedFeed">
    <failure message="
Expected: is &lt;1&gt;
     but: was &lt;0&gt;" type="java.lang.AssertionError">java.lang.AssertionError: 
Expected: is &lt;1&gt;
     but: was &lt;0&gt;
	at org.hamcrest.MatcherAssert.assertThat(MatcherAssert.java:20)
	at org.hamcrest.MatcherAssert.assertThat(MatcherAssert.java:8)
	at client.IntegrationTest.shouldGetActivitiesFromAggregatedFeed(IntegrationTest.java:467)
	at sun.reflect.NativeMethodAccessorImpl.invoke0(Native Method)
	at sun.reflect.NativeMethodAccessorImpl.invoke(NativeMethodAccessorImpl.java:57)
	at sun.reflect.DelegatingMethodAccessorImpl.invoke(DelegatingMethodAccessorImpl.java:43)
	at java.lang.reflect.Method.invoke(Method.java:606)
	at org.junit.runners.model.FrameworkMethod$1.runReflectiveCall(FrameworkMethod.java:47)
	at org.junit.internal.runners.model.ReflectiveCallable.run(ReflectiveCallable.java:12)
	at org.junit.runners.model.FrameworkMethod.invokeExplosively(FrameworkMethod.java:44)
	at org.junit.internal.runners.statements.InvokeMethod.evaluate(InvokeMethod.java:17)
	at org.junit.runners.ParentRunner.runLeaf(ParentRunner.java:271)
	at org.junit.runners.BlockJUnit4ClassRunner.runChild(BlockJUnit4ClassRunner.java:70)
	at org.junit.runners.BlockJUnit4ClassRunner.runChild(BlockJUnit4ClassRunner.java:50)
	at org.junit.runners.ParentRunner$3.run(ParentRunner.java:238)
	at org.junit.runners.ParentRunner$1.schedule(ParentRunner.java:63)
	at org.junit.runners.ParentRunner.runChildren(ParentRunner.java:236)
	at org.junit.runners.ParentRunner.access$000(ParentRunner.java:53)
	at org.junit.runners.ParentRunner$2.evaluate(ParentRunner.java:229)
	at org.junit.runners.ParentRunner.run(ParentRunner.java:309)
	at org.apache.maven.surefire.junit4.JUnit4Provider.execute(JUnit4Provider.java:252)
	at org.apache.maven.surefire.junit4.JUnit4Provider.executeTestSet(JUnit4Provider.java:141)
	at org.apache.maven.surefire.junit4.JUnit4Provider.invoke(JUnit4Provider.java:112)
	at sun.reflect.NativeMethodAccessorImpl.invoke0(Native Method)
	at sun.reflect.NativeMethodAccessorImpl.invoke(NativeMethodAccessorImpl.java:57)
	at sun.reflect.DelegatingMethodAccessorImpl.invoke(DelegatingMethodAccessorImpl.java:43)
	at java.lang.reflect.Method.invoke(Method.java:606)
	at org.apache.maven.surefire.util.ReflectionUtils.invokeMethodWithArray(ReflectionUtils.java:189)
	at org.apache.maven.surefire.booter.ProviderFactory$ProviderProxy.invoke(ProviderFactory.java:165)
	at org.apache.maven.surefire.booter.ProviderFactory.invokeProvider(ProviderFactory.java:85)
	at org.apache.maven.surefire.booter.ForkedBooter.runSuitesInProcess(ForkedBooter.java:115)
	at org.apache.maven.surefire.booter.ForkedBooter.main(ForkedBooter.java:75)
</failure>
    <system-out>09:37:54.576 [main] DEBUG client.repo.StreamActivityRepository - Invoking url: &apos;https://us-east-api.getstream.io/api/v1.0/feed/aggregated/shouldGetActivitiesFromAggregatedFeed_1426772274576/?api_key=nfq26m3qgfyp&amp;limit=25
09:37:54.680 [main] DEBUG client.repo.StreamActivityRepository - Invoking url: &apos;https://us-east-api.getstream.io/api/v1.0/feed/aggregated/shouldGetActivitiesFromAggregatedFeed_1426772274576/?api_key=nfq26m3qgfyp
09:37:54.718 [main] DEBUG client.repo.StreamActivityRepository - Invoking url: &apos;https://us-east-api.getstream.io/api/v1.0/feed/aggregated/shouldGetActivitiesFromAggregatedFeed_1426772274576/?api_key=nfq26m3qgfyp&amp;limit=25
</system-out>
  </testcase>
  <testcase time="0.139" classname="client.IntegrationTest" name="shouldGetActivities"/>
  <testcase time="0.334" classname="client.IntegrationTest" name="shouldRemoveActivityByForeignId"/>
  <testcase time="0.1" classname="client.IntegrationTest" name="shouldGetInvalidOrMissingInputException"/>
  <testcase time="0.097" classname="client.IntegrationTest" name="shouldGetAuthenticationFailed"/>
  <testcase time="0.002" classname="client.IntegrationTest" name="shouldHaveToken">
    <failure message="
Expected: not null
     but: was null" type="java.lang.AssertionError">java.lang.AssertionError: 
Expected: not null
     but: was null
	at org.hamcrest.MatcherAssert.assertThat(MatcherAssert.java:20)
	at org.hamcrest.MatcherAssert.assertThat(MatcherAssert.java:8)
	at client.IntegrationTest.shouldHaveToken(IntegrationTest.java:491)
	at sun.reflect.NativeMethodAccessorImpl.invoke0(Native Method)
	at sun.reflect.NativeMethodAccessorImpl.invoke(NativeMethodAccessorImpl.java:57)
	at sun.reflect.DelegatingMethodAccessorImpl.invoke(DelegatingMethodAccessorImpl.java:43)
	at java.lang.reflect.Method.invoke(Method.java:606)
	at org.junit.runners.model.FrameworkMethod$1.runReflectiveCall(FrameworkMethod.java:47)
	at org.junit.internal.runners.model.ReflectiveCallable.run(ReflectiveCallable.java:12)
	at org.junit.runners.model.FrameworkMethod.invokeExplosively(FrameworkMethod.java:44)
	at org.junit.internal.runners.statements.InvokeMethod.evaluate(InvokeMethod.java:17)
	at org.junit.runners.ParentRunner.runLeaf(ParentRunner.java:271)
	at org.junit.runners.BlockJUnit4ClassRunner.runChild(BlockJUnit4ClassRunner.java:70)
	at org.junit.runners.BlockJUnit4ClassRunner.runChild(BlockJUnit4ClassRunner.java:50)
	at org.junit.runners.ParentRunner$3.run(ParentRunner.java:238)
	at org.junit.runners.ParentRunner$1.schedule(ParentRunner.java:63)
	at org.junit.runners.ParentRunner.runChildren(ParentRunner.java:236)
	at org.junit.runners.ParentRunner.access$000(ParentRunner.java:53)
	at org.junit.runners.ParentRunner$2.evaluate(ParentRunner.java:229)
	at org.junit.runners.ParentRunner.run(ParentRunner.java:309)
	at org.apache.maven.surefire.junit4.JUnit4Provider.execute(JUnit4Provider.java:252)
	at org.apache.maven.surefire.junit4.JUnit4Provider.executeTestSet(JUnit4Provider.java:141)
	at org.apache.maven.surefire.junit4.JUnit4Provider.invoke(JUnit4Provider.java:112)
	at sun.reflect.NativeMethodAccessorImpl.invoke0(Native Method)
	at sun.reflect.NativeMethodAccessorImpl.invoke(NativeMethodAccessorImpl.java:57)
	at sun.reflect.DelegatingMethodAccessorImpl.invoke(DelegatingMethodAccessorImpl.java:43)
	at java.lang.reflect.Method.invoke(Method.java:606)
	at org.apache.maven.surefire.util.ReflectionUtils.invokeMethodWithArray(ReflectionUtils.java:189)
	at org.apache.maven.surefire.booter.ProviderFactory$ProviderProxy.invoke(ProviderFactory.java:165)
	at org.apache.maven.surefire.booter.ProviderFactory.invokeProvider(ProviderFactory.java:85)
	at org.apache.maven.surefire.booter.ForkedBooter.runSuitesInProcess(ForkedBooter.java:115)
	at org.apache.maven.surefire.booter.ForkedBooter.main(ForkedBooter.java:75)
</failure>
  </testcase>
  <testcase time="0.165" classname="client.IntegrationTest" name="shouldActivityShouldHaveId"/>
  <testcase time="0.113" classname="client.IntegrationTest" name="shouldAddActivity"/>
  <testcase time="0.11" classname="client.IntegrationTest" name="shouldAddActivityToRecipients"/>
</testsuite>